TN:
SF:C:\Users\TimWong(superhub)\source\repos\Refactoring-Practices\GildedRoseKata\GildedRose-Refactoring-Kata\js-jest\src\gilded_rose.js
FN:2,(anonymous_0)
FN:10,(anonymous_1)
FN:13,(anonymous_2)
FNF:3
FNH:3
FNDA:64,(anonymous_0)
FNDA:64,(anonymous_1)
FNDA:64,(anonymous_2)
DA:3,64
DA:4,64
DA:5,64
DA:11,64
DA:14,64
DA:15,64
DA:16,33
DA:17,25
DA:18,16
DA:22,31
DA:23,18
DA:24,18
DA:25,4
DA:26,3
DA:27,1
DA:30,4
DA:31,2
DA:32,1
DA:38,64
DA:39,55
DA:41,64
DA:42,27
DA:43,17
DA:44,15
DA:45,5
DA:46,2
DA:50,2
DA:53,10
DA:54,6
DA:60,64
DA:64,1
LF:31
LH:31
BRDA:10,0,0,0
BRDA:15,1,0,33
BRDA:15,1,1,31
BRDA:15,2,0,64
BRDA:15,2,1,43
BRDA:16,3,0,25
BRDA:16,3,1,8
BRDA:17,4,0,16
BRDA:17,4,1,9
BRDA:22,5,0,18
BRDA:22,5,1,13
BRDA:24,6,0,4
BRDA:24,6,1,14
BRDA:25,7,0,3
BRDA:25,7,1,1
BRDA:26,8,0,1
BRDA:26,8,1,2
BRDA:30,9,0,2
BRDA:30,9,1,2
BRDA:31,10,0,1
BRDA:31,10,1,1
BRDA:38,11,0,55
BRDA:38,11,1,9
BRDA:41,12,0,27
BRDA:41,12,1,37
BRDA:42,13,0,17
BRDA:42,13,1,10
BRDA:43,14,0,15
BRDA:43,14,1,2
BRDA:44,15,0,5
BRDA:44,15,1,10
BRDA:45,16,0,2
BRDA:45,16,1,3
BRDA:53,17,0,6
BRDA:53,17,1,4
BRF:35
BRH:34
end_of_record
